<?xml version="1.0" encoding="UTF-8"?>
<!-- Generated by org.testng.reporters.JUnitReportReporter -->
<testsuite skipped="0" hostname="DESKTOP-CIPNC4M" name="tests.EmailFriendTest" tests="4" failures="0" timestamp="2020-04-30T06:34:33 EET" time="11.229" errors="0">
  <testcase name="UserCanRegisterSuccessfully" time="2.821" classname="tests.EmailFriendTest"/>
  <testcase name="UserCanSearchWithAutoSuggest" time="4.127" classname="tests.EmailFriendTest"/>
  <testcase name="RegisteredUserCanSendProductToFriend" time="2.506" classname="tests.EmailFriendTest"/>
  <testcase name="RegisterdUserCanLogout" time="1.775" classname="tests.EmailFriendTest"/>
</testsuite> <!-- tests.EmailFriendTest -->
