<?xml version="1.0" encoding="UTF-8"?>
<!-- Generated by org.testng.reporters.JUnitReportReporter -->
<testsuite skipped="0" hostname="DESKTOP-CIPNC4M" name="tests.AddProductReviewTest" tests="4" failures="0" timestamp="2020-04-28T15:11:46 EET" time="15.431" errors="0">
  <testcase name="UserCanRegisterSuccessfully" time="4.072" classname="tests.AddProductReviewTest"/>
  <testcase name="UserCanSearchWithAutoSuggest" time="5.585" classname="tests.AddProductReviewTest"/>
  <testcase name="RegisteredUserCanReviewProduct" time="4.749" classname="tests.AddProductReviewTest"/>
  <testcase name="RegisterdUserCanLogout" time="1.025" classname="tests.AddProductReviewTest"/>
</testsuite> <!-- tests.AddProductReviewTest -->
