<?xml version="1.0" encoding="UTF-8"?>
<!-- Generated by org.testng.reporters.JUnitReportReporter -->
<testsuite skipped="0" hostname="DESKTOP-CIPNC4M" name="tests.SearchProductUsingAutoSuggest" tests="1" failures="0" timestamp="2020-04-28T15:11:46 EET" time="3.025" errors="0">
  <testcase name="UserCanSearchWithAutoSuggest" time="3.025" classname="tests.SearchProductUsingAutoSuggest"/>
</testsuite> <!-- tests.SearchProductUsingAutoSuggest -->
