<?xml version="1.0" encoding="UTF-8"?>
<!-- Generated by org.testng.reporters.JUnitReportReporter -->
<testsuite skipped="0" hostname="DESKTOP-CIPNC4M" name="tests.MyAccountParallelTest" tests="4" failures="0" timestamp="2020-04-30T12:15:09 EET" time="11.097" errors="0">
  <testcase name="UserCanRegisterSuccessfully" time="4.206" classname="tests.MyAccountParallelTest"/>
  <testcase name="RegisteredUserCanChangePassword" time="3.035" classname="tests.MyAccountParallelTest"/>
  <testcase name="RegisterdUserCanLogout" time="0.959" classname="tests.MyAccountParallelTest"/>
  <testcase name="RegisterdUserCanLogin" time="2.897" classname="tests.MyAccountParallelTest"/>
</testsuite> <!-- tests.MyAccountParallelTest -->
