<?xml version="1.0" encoding="UTF-8"?>
<!-- Generated by org.testng.reporters.JUnitReportReporter -->
<testsuite skipped="0" hostname="DESKTOP-CIPNC4M" name="runner.TestRunner" tests="3" failures="0" timestamp="2020-04-27T23:49:22 EET" time="28.320" errors="0">
  <testcase name="runScenario" time="16.122" classname="runner.TestRunner"/>
  <testcase name="runScenario" time="5.676" classname="runner.TestRunner"/>
  <testcase name="runScenario" time="6.522" classname="runner.TestRunner"/>
</testsuite> <!-- runner.TestRunner -->
