<?xml version="1.0" encoding="UTF-8"?>
<!-- Generated by org.testng.reporters.JUnitReportReporter -->
<testsuite skipped="0" hostname="DESKTOP-CIPNC4M" name="tests.UserRegistrationWithDDTAndDataProvider" tests="2" failures="0" timestamp="2020-04-25T01:30:40 EET" time="21.758" errors="0">
  <testcase name="UserCanRegisterSuccessfully" time="12.260" classname="tests.UserRegistrationWithDDTAndDataProvider"/>
  <testcase name="UserCanRegisterSuccessfully" time="9.498" classname="tests.UserRegistrationWithDDTAndDataProvider"/>
</testsuite> <!-- tests.UserRegistrationWithDDTAndDataProvider -->
