<?xml version="1.0" encoding="UTF-8"?>
<!-- Generated by org.testng.reporters.JUnitReportReporter -->
<testsuite skipped="0" hostname="DESKTOP-CIPNC4M" name="tests.UserRegistrationTestWithDDTAndFake" tests="3" failures="0" timestamp="2020-04-30T11:08:52 EET" time="11.905" errors="0">
  <testcase name="RegisterdUserCanLogin" time="5.703" classname="tests.UserRegistrationTestWithDDTAndFake"/>
  <testcase name="RegisterdUserCanLogout" time="1.308" classname="tests.UserRegistrationTestWithDDTAndFake"/>
  <testcase name="UserCanRegisterSuccessfully" time="4.894" classname="tests.UserRegistrationTestWithDDTAndFake"/>
</testsuite> <!-- tests.UserRegistrationTestWithDDTAndFake -->
