<?xml version="1.0" encoding="UTF-8"?>
<!-- Generated by org.testng.reporters.JUnitReportReporter -->
<testsuite skipped="0" hostname="DESKTOP-CIPNC4M" name="tests.SearchProductTest" tests="1" failures="0" timestamp="2020-04-30T06:34:33 EET" time="3.493" errors="0">
  <testcase name="UserCanSearchForProduct" time="3.493" classname="tests.SearchProductTest"/>
</testsuite> <!-- tests.SearchProductTest -->
