<?xml version="1.0" encoding="UTF-8"?>
<!-- Generated by org.testng.reporters.JUnitReportReporter -->
<testsuite skipped="0" hostname="DESKTOP-CIPNC4M" name="tests.UserRegistrationWithDDTAndPropertiesFile" tests="3" failures="0" timestamp="2020-04-25T03:03:40 EET" time="10.246" errors="0">
  <testcase name="RegisterdUserCanLogin" time="4.411" classname="tests.UserRegistrationWithDDTAndPropertiesFile"/>
  <testcase name="RegisterdUserCanLogout" time="0.889" classname="tests.UserRegistrationWithDDTAndPropertiesFile"/>
  <testcase name="UserCanRegisterSuccessfully" time="4.946" classname="tests.UserRegistrationWithDDTAndPropertiesFile"/>
</testsuite> <!-- tests.UserRegistrationWithDDTAndPropertiesFile -->
