<?xml version="1.0" encoding="UTF-8"?>
<!-- Generated by org.testng.reporters.JUnitReportReporter -->
<testsuite skipped="0" hostname="DESKTOP-CIPNC4M" name="tests.ChangeCurrencyTest" tests="2" failures="0" timestamp="2020-04-28T23:50:15 EET" time="6.773" errors="0">
  <testcase name="UserCanChangeCurrency" time="2.019" classname="tests.ChangeCurrencyTest"/>
  <testcase name="UserCanSearchWithAutoSuggest" time="4.754" classname="tests.ChangeCurrencyTest"/>
</testsuite> <!-- tests.ChangeCurrencyTest -->
