<?xml version="1.0" encoding="UTF-8"?>
<!-- Generated by org.testng.reporters.JUnitReportReporter -->
<testsuite skipped="0" hostname="DESKTOP-CIPNC4M" name="tests.AddProductToCompareListTest" tests="2" failures="0" timestamp="2020-04-28T15:11:46 EET" time="16.005" errors="0">
  <testcase name="UserCanCompareProducts" time="15.278" classname="tests.AddProductToCompareListTest"/>
  <testcase name="UserCanClearCompareList" time="0.727" classname="tests.AddProductToCompareListTest"/>
</testsuite> <!-- tests.AddProductToCompareListTest -->
