<?xml version="1.0" encoding="UTF-8"?>
<!-- Generated by org.testng.reporters.JUnitReportReporter -->
<testsuite skipped="0" hostname="DESKTOP-CIPNC4M" name="tests.ContactUsTest" tests="1" failures="0" timestamp="2020-04-30T06:34:33 EET" time="2.632" errors="0">
  <testcase name="UserCanUseContactUs" time="2.632" classname="tests.ContactUsTest"/>
</testsuite> <!-- tests.ContactUsTest -->
